{
  "RSpec": {
    "coverage": {
      "/Users/daniel/Projects/book/lita_plugins/lita-alexa-news-recorder/lib/lita-alexa-news-recorder.rb": [
        1,
        null,
        1,
        null,
        null,
        null,
        1,
        null,
        1,
        null,
        null,
        null
      ],
      "/Users/daniel/Projects/book/lita_plugins/lita-alexa-news-recorder/lib/lita/handlers/alexa_news_recorder.rb": [
        1,
        1,
        null,
        1,
        1,
        1,
        1,
        null,
        null,
        1,
        1,
        null,
        1,
        null,
        1,
        null,
        null,
        1,
        1,
        null,
        1,
        null,
        1,
        1,
        null,
        null,
        1,
        null,
        null,
        null,
        null,
        null,
        null,
        null,
        null,
        null,
        null,
        null,
        null,
        null,
        null,
        null,
        null,
        2,
        null,
        null,
        1,
        null,
        null,
        null
      ]
    },
    "timestamp": 1503871129
  }
}
